<?xml version="1.0" encoding="UTF-8"?>
<!-- Generated by org.testng.reporters.JUnitXMLReporter -->
<testsuite hostname="LAPTOP-ST9EO4K2" name="Default test" tests="14" failures="0" timestamp="2 Mar 2021 06:21:26 GMT" time="289.221" errors="0">
  <testcase name="verifyLogout" time="1.843" classname="com.OHRM.qa.TestCases.Home_Page_Test"/>
  <testcase name="loginPage_Tittle_Test" time="0.237" classname="com.OHRM.qa.TestCases.Login_Page_Test"/>
  <testcase name="homePageTittle" time="0.021" classname="com.OHRM.qa.TestCases.Home_Page_Test"/>
  <testcase name="loginpage_Logo_Test" time="0.194" classname="com.OHRM.qa.TestCases.Login_Page_Test"/>
  <testcase name="veryfiyAdminPage" time="2.89" classname="com.OHRM.qa.TestCases.Home_Page_Test"/>
  <testcase name="login_Test" time="6.138" classname="com.OHRM.qa.TestCases.Login_Page_Test"/>
  <testcase name="verifyPIMpage" time="3.021" classname="com.OHRM.qa.TestCases.Home_Page_Test"/>
  <testcase name="verifyAddEmp" time="3.813" classname="com.OHRM.qa.TestCases.AddEmp_Test"/>
  <testcase name="verifyAddEmp" time="3.91" classname="com.OHRM.qa.TestCases.AddEmp_Test"/>
  <testcase name="verifyAddEmp" time="3.213" classname="com.OHRM.qa.TestCases.AddEmp_Test"/>
  <testcase name="verifyAddEmp" time="2.967" classname="com.OHRM.qa.TestCases.AddEmp_Test"/>
  <testcase name="verifyAddEmp" time="3.004" classname="com.OHRM.qa.TestCases.AddEmp_Test"/>
  <testcase name="verifyAddEmp" time="3.696" classname="com.OHRM.qa.TestCases.AddEmp_Test"/>
  <testcase name="verifyMyinfo" time="3.323" classname="com.OHRM.qa.TestCases.Home_Page_Test"/>
</testsuite> <!-- Default test -->
