<?xml version="1.0" encoding="UTF-8" ?>
<testsuite tests="32" failures="3" name="TestSuite" time="1,831.767" errors="0" skipped="24">
  <properties>
[...]
</properties>
  <testcase classname="com.OHRM.qa.TestCases.Home_Page_Test" name="verifyLogout" time="1.83"/>
  <testcase classname="com.OHRM.qa.TestCases.Home_Page_Test" name="homePageTittle" time="0.056"/>
  <testcase classname="com.OHRM.qa.TestCases.Login_Page_Test" name="setUp" time="602.548">
    <failure message="session not created
from timeout: Timed out receiving message from renderer: 600.000
  (Session info: chrome=88.0.4324.190)
Build info: version: &apos;3.141.59&apos;, revision: &apos;e82be7d358&apos;, time: &apos;2018-11-14T08:17:03&apos;
System info: host: &apos;LAPTOP-ST9EO4K2&apos;, ip: &apos;192.168.1.5&apos;, os.name: &apos;Windows 10&apos;, os.arch: &apos;amd64&apos;, os.version: &apos;10.0&apos;, java.version: &apos;1.8.0_121&apos;
Driver info: driver.version: ChromeDriver
remote stacktrace: Backtrace:
	GetHandleVerifier [0x00E0B963+483]
	GetHandleVerifier [0x00E0B941+449]
	GetHandleVerifier [0x011B3308+3832712]
	GetHandleVerifier [0x011A778C+3784716]
	GetHandleVerifier [0x011A6A47+3781319]
	GetHandleVerifier [0x011A6E36+3782326]
	GetHandleVerifier [0x011A6765+3780581]
	GetHandleVerifier [0x011AFB21+3818401]
	GetHandleVerifier [0x011A6721+3780513]
	GetHandleVerifier [0x011A74B2+3783986]
	GetHandleVerifier [0x011A6A47+3781319]
	GetHandleVerifier [0x011A6E36+3782326]
	GetHandleVerifier [0x011A6765+3780581]
	GetHandleVerifier [0x011ADF9C+3811356]
	GetHandleVerifier [0x011A6721+3780513]
	GetHandleVerifier [0x011A74B2+3783986]
	GetHandleVerifier [0x011A6A47+3781319]
	GetHandleVerifier [0x011A6E36+3782326]
	GetHandleVerifier [0x011A6765+3780581]
	GetHandleVerifier [0x011AC392+3804178]
	GetHandleVerifier [0x011A6721+3780513]
	GetHandleVerifier [0x011A74B2+3783986]
	GetHandleVerifier [0x011A6A47+3781319]
	GetHandleVerifier [0x011A6E36+3782326]
	GetHandleVerifier [0x011A6765+3780581]
	GetHandleVerifier [0x011AB655+3800789]
	GetHandleVerifier [0x011A6721+3780513]
	GetHandleVerifier [0x011A74B2+3783986]
	GetHandleVerifier [0x011A6A47+3781319]
	GetHandleVerifier [0x011A6E36+3782326]
	GetHandleVerifier [0x011A6765+3780581]
	GetHandleVerifier [0x011A2F46+3766214]
	GetHandleVerifier [0x011A6721+3780513]
	GetHandleVerifier [0x011A6543+3780035]
	GetHandleVerifier [0x011A6337+3779511]
	GetHandleVerifier [0x011B4540+3837376]
	GetHandleVerifier [0x011EF4BC+4078908]
	GetHandleVerifier [0x011EE56C+4074988]
	GetHandleVerifier [0x011EB2EB+4062059]
	GetHandleVerifier [0x011CED14+3945876]
	GetHandleVerifier [0x011CFBCE+3949646]
	GetHandleVerifier [0x011CFB59+3949529]
	Ordinal0 [0x00DCB5CC+46540]
	Ordinal0 [0x00DC9F53+40787]
	Ordinal0 [0x00DC9B12+39698]
	GetHandleVerifier [0x010D1468+2907368]
	GetHandleVerifier [0x00F171EE+1096302]
	GetHandleVerifier [0x00ED3E8D+821005]
	GetHandleVerifier [0x00ED396B+819691]
	GetHandleVerifier [0x00ED3881+819457]
	GetHandleVerifier [0x00EFF463+998627]
	BaseThreadInitThunk [0x763F6359+25]
	RtlGetAppContainerNamedObjectPath [0x777A8944+228]
	RtlGetAppContainerNamedObjectPath [0x777A8914+180]
" type="org.openqa.selenium.SessionNotCreatedException">org.openqa.selenium.SessionNotCreatedException: session not created
from timeout: Timed out receiving message from renderer: 600.000
  (Session info: chrome=88.0.4324.190)
Build info: version: &apos;3.141.59&apos;, revision: &apos;e82be7d358&apos;, time: &apos;2018-11-14T08:17:03&apos;
System info: host: &apos;LAPTOP-ST9EO4K2&apos;, ip: &apos;192.168.1.5&apos;, os.name: &apos;Windows 10&apos;, os.arch: &apos;amd64&apos;, os.version: &apos;10.0&apos;, java.version: &apos;1.8.0_121&apos;
Driver info: driver.version: ChromeDriver
remote stacktrace: Backtrace:
	GetHandleVerifier [0x00E0B963+483]
	GetHandleVerifier [0x00E0B941+449]
	GetHandleVerifier [0x011B3308+3832712]
	GetHandleVerifier [0x011A778C+3784716]
	GetHandleVerifier [0x011A6A47+3781319]
	GetHandleVerifier [0x011A6E36+3782326]
	GetHandleVerifier [0x011A6765+3780581]
	GetHandleVerifier [0x011AFB21+3818401]
	GetHandleVerifier [0x011A6721+3780513]
	GetHandleVerifier [0x011A74B2+3783986]
	GetHandleVerifier [0x011A6A47+3781319]
	GetHandleVerifier [0x011A6E36+3782326]
	GetHandleVerifier [0x011A6765+3780581]
	GetHandleVerifier [0x011ADF9C+3811356]
	GetHandleVerifier [0x011A6721+3780513]
	GetHandleVerifier [0x011A74B2+3783986]
	GetHandleVerifier [0x011A6A47+3781319]
	GetHandleVerifier [0x011A6E36+3782326]
	GetHandleVerifier [0x011A6765+3780581]
	GetHandleVerifier [0x011AC392+3804178]
	GetHandleVerifier [0x011A6721+3780513]
	GetHandleVerifier [0x011A74B2+3783986]
	GetHandleVerifier [0x011A6A47+3781319]
	GetHandleVerifier [0x011A6E36+3782326]
	GetHandleVerifier [0x011A6765+3780581]
	GetHandleVerifier [0x011AB655+3800789]
	GetHandleVerifier [0x011A6721+3780513]
	GetHandleVerifier [0x011A74B2+3783986]
	GetHandleVerifier [0x011A6A47+3781319]
	GetHandleVerifier [0x011A6E36+3782326]
	GetHandleVerifier [0x011A6765+3780581]
	GetHandleVerifier [0x011A2F46+3766214]
	GetHandleVerifier [0x011A6721+3780513]
	GetHandleVerifier [0x011A6543+3780035]
	GetHandleVerifier [0x011A6337+3779511]
	GetHandleVerifier [0x011B4540+3837376]
	GetHandleVerifier [0x011EF4BC+4078908]
	GetHandleVerifier [0x011EE56C+4074988]
	GetHandleVerifier [0x011EB2EB+4062059]
	GetHandleVerifier [0x011CED14+3945876]
	GetHandleVerifier [0x011CFBCE+3949646]
	GetHandleVerifier [0x011CFB59+3949529]
	Ordinal0 [0x00DCB5CC+46540]
	Ordinal0 [0x00DC9F53+40787]
	Ordinal0 [0x00DC9B12+39698]
	GetHandleVerifier [0x010D1468+2907368]
	GetHandleVerifier [0x00F171EE+1096302]
	GetHandleVerifier [0x00ED3E8D+821005]
	GetHandleVerifier [0x00ED396B+819691]
	GetHandleVerifier [0x00ED3881+819457]
	GetHandleVerifier [0x00EFF463+998627]
	BaseThreadInitThunk [0x763F6359+25]
	RtlGetAppContainerNamedObjectPath [0x777A8944+228]
	RtlGetAppContainerNamedObjectPath [0x777A8914+180]

	at sun.reflect.NativeConstructorAccessorImpl.newInstance0(Native Method)
	at sun.reflect.NativeConstructorAccessorImpl.newInstance(NativeConstructorAccessorImpl.java:62)
	at sun.reflect.DelegatingConstructorAccessorImpl.newInstance(DelegatingConstructorAccessorImpl.java:45)
	at java.lang.reflect.Constructor.newInstance(Constructor.java:423)
	at org.openqa.selenium.remote.W3CHandshakeResponse.lambda$errorHandler$0(W3CHandshakeResponse.java:62)
	at org.openqa.selenium.remote.HandshakeResponse.lambda$getResponseFunction$0(HandshakeResponse.java:30)
	at org.openqa.selenium.remote.ProtocolHandshake.lambda$createSession$0(ProtocolHandshake.java:126)
	at java.util.stream.ReferencePipeline$3$1.accept(ReferencePipeline.java:193)
	at java.util.Spliterators$ArraySpliterator.tryAdvance(Spliterators.java:958)
	at java.util.stream.ReferencePipeline.forEachWithCancel(ReferencePipeline.java:126)
	at java.util.stream.AbstractPipeline.copyIntoWithCancel(AbstractPipeline.java:498)
	at java.util.stream.AbstractPipeline.copyInto(AbstractPipeline.java:485)
	at java.util.stream.AbstractPipeline.wrapAndCopyInto(AbstractPipeline.java:471)
	at java.util.stream.FindOps$FindOp.evaluateSequential(FindOps.java:152)
	at java.util.stream.AbstractPipeline.evaluate(AbstractPipeline.java:234)
	at java.util.stream.ReferencePipeline.findFirst(ReferencePipeline.java:464)
	at org.openqa.selenium.remote.ProtocolHandshake.createSession(ProtocolHandshake.java:128)
	at org.openqa.selenium.remote.ProtocolHandshake.createSession(ProtocolHandshake.java:74)
	at org.openqa.selenium.remote.HttpCommandExecutor.execute(HttpCommandExecutor.java:136)
	at org.openqa.selenium.remote.service.DriverCommandExecutor.execute(DriverCommandExecutor.java:83)
	at org.openqa.selenium.remote.RemoteWebDriver.execute(RemoteWebDriver.java:552)
	at org.openqa.selenium.remote.RemoteWebDriver.startSession(RemoteWebDriver.java:213)
	at org.openqa.selenium.remote.RemoteWebDriver.&lt;init&gt;(RemoteWebDriver.java:131)
	at org.openqa.selenium.chrome.ChromeDriver.&lt;init&gt;(ChromeDriver.java:181)
	at org.openqa.selenium.chrome.ChromeDriver.&lt;init&gt;(ChromeDriver.java:168)
	at org.openqa.selenium.chrome.ChromeDriver.&lt;init&gt;(ChromeDriver.java:123)
	at com.OHRM.qa.Base.TestBase.initialization(TestBase.java:43)
	at com.OHRM.qa.TestCases.Login_Page_Test.setUp(Login_Page_Test.java:24)
</failure>
    <system-err>Starting ChromeDriver 88.0.4324.96 (68dba2d8a0b149a1d3afac56fa74648032bcf46b-refs/branch-heads/4324@{#1784}) on port 25954
Only local connections are allowed.
Please see https://chromedriver.chromium.org/security-considerations for suggestions on keeping ChromeDriver safe.
ChromeDriver was started successfully.
[1614668074.068][SEVERE]: Timed out receiving message from renderer: 600.000
</system-err>
  </testcase>
  <testcase classname="com.OHRM.qa.TestCases.Login_Page_Test" name="loginPage_Tittle_Test" time="0">
    <skipped/>
  </testcase>
  <testcase classname="com.OHRM.qa.TestCases.Login_Page_Test" name="tearDown" time="0">
    <skipped/>
  </testcase>
  <testcase classname="com.OHRM.qa.TestCases.Home_Page_Test" name="veryfiyAdminPage" time="2.661"/>
  <testcase classname="com.OHRM.qa.TestCases.Login_Page_Test" name="setUp" time="3.366">
    <skipped/>
  </testcase>
  <testcase classname="com.OHRM.qa.TestCases.Login_Page_Test" name="loginpage_Logo_Test" time="0">
    <skipped/>
  </testcase>
  <testcase classname="com.OHRM.qa.TestCases.Login_Page_Test" name="tearDown" time="0">
    <skipped/>
  </testcase>
  <testcase classname="com.OHRM.qa.TestCases.AddEmp_Test" name="verifyAddEmp" time="4.791"/>
  <testcase classname="com.OHRM.qa.TestCases.AddEmp_Test" name="setup" time="607.538">
    <failure message="session not created
from timeout: Timed out receiving message from renderer: 600.000
  (Session info: chrome=88.0.4324.190)
Build info: version: &apos;3.141.59&apos;, revision: &apos;e82be7d358&apos;, time: &apos;2018-11-14T08:17:03&apos;
System info: host: &apos;LAPTOP-ST9EO4K2&apos;, ip: &apos;192.168.1.5&apos;, os.name: &apos;Windows 10&apos;, os.arch: &apos;amd64&apos;, os.version: &apos;10.0&apos;, java.version: &apos;1.8.0_121&apos;
Driver info: driver.version: ChromeDriver
remote stacktrace: Backtrace:
	GetHandleVerifier [0x00E0B963+483]
	GetHandleVerifier [0x00E0B941+449]
	GetHandleVerifier [0x011B3308+3832712]
	GetHandleVerifier [0x011A778C+3784716]
	GetHandleVerifier [0x011A6A47+3781319]
	GetHandleVerifier [0x011A6E36+3782326]
	GetHandleVerifier [0x011A6765+3780581]
	GetHandleVerifier [0x011AC420+3804320]
	GetHandleVerifier [0x011A6721+3780513]
	GetHandleVerifier [0x011A74B2+3783986]
	GetHandleVerifier [0x011A6A47+3781319]
	GetHandleVerifier [0x011A6E36+3782326]
	GetHandleVerifier [0x011A6765+3780581]
	GetHandleVerifier [0x011AB655+3800789]
	GetHandleVerifier [0x011A6721+3780513]
	GetHandleVerifier [0x011A74B2+3783986]
	GetHandleVerifier [0x011A6A47+3781319]
	GetHandleVerifier [0x011A6E36+3782326]
	GetHandleVerifier [0x011A6765+3780581]
	GetHandleVerifier [0x011A2F46+3766214]
	GetHandleVerifier [0x011A6721+3780513]
	GetHandleVerifier [0x011A6543+3780035]
	GetHandleVerifier [0x011A6337+3779511]
	GetHandleVerifier [0x011B4540+3837376]
	GetHandleVerifier [0x011EF4BC+4078908]
	GetHandleVerifier [0x011EE56C+4074988]
	GetHandleVerifier [0x011EB2EB+4062059]
	GetHandleVerifier [0x011CED14+3945876]
	GetHandleVerifier [0x011CFBCE+3949646]
	GetHandleVerifier [0x011CFB59+3949529]
	Ordinal0 [0x00DCB5CC+46540]
	Ordinal0 [0x00DC9F53+40787]
	Ordinal0 [0x00DC9B12+39698]
	GetHandleVerifier [0x010D1468+2907368]
	GetHandleVerifier [0x00F171EE+1096302]
	GetHandleVerifier [0x00ED3E8D+821005]
	GetHandleVerifier [0x00ED396B+819691]
	GetHandleVerifier [0x00ED3881+819457]
	GetHandleVerifier [0x00EFF463+998627]
	BaseThreadInitThunk [0x763F6359+25]
	RtlGetAppContainerNamedObjectPath [0x777A8944+228]
	RtlGetAppContainerNamedObjectPath [0x777A8914+180]
" type="org.openqa.selenium.SessionNotCreatedException">org.openqa.selenium.SessionNotCreatedException: session not created
from timeout: Timed out receiving message from renderer: 600.000
  (Session info: chrome=88.0.4324.190)
Build info: version: &apos;3.141.59&apos;, revision: &apos;e82be7d358&apos;, time: &apos;2018-11-14T08:17:03&apos;
System info: host: &apos;LAPTOP-ST9EO4K2&apos;, ip: &apos;192.168.1.5&apos;, os.name: &apos;Windows 10&apos;, os.arch: &apos;amd64&apos;, os.version: &apos;10.0&apos;, java.version: &apos;1.8.0_121&apos;
Driver info: driver.version: ChromeDriver
remote stacktrace: Backtrace:
	GetHandleVerifier [0x00E0B963+483]
	GetHandleVerifier [0x00E0B941+449]
	GetHandleVerifier [0x011B3308+3832712]
	GetHandleVerifier [0x011A778C+3784716]
	GetHandleVerifier [0x011A6A47+3781319]
	GetHandleVerifier [0x011A6E36+3782326]
	GetHandleVerifier [0x011A6765+3780581]
	GetHandleVerifier [0x011AC420+3804320]
	GetHandleVerifier [0x011A6721+3780513]
	GetHandleVerifier [0x011A74B2+3783986]
	GetHandleVerifier [0x011A6A47+3781319]
	GetHandleVerifier [0x011A6E36+3782326]
	GetHandleVerifier [0x011A6765+3780581]
	GetHandleVerifier [0x011AB655+3800789]
	GetHandleVerifier [0x011A6721+3780513]
	GetHandleVerifier [0x011A74B2+3783986]
	GetHandleVerifier [0x011A6A47+3781319]
	GetHandleVerifier [0x011A6E36+3782326]
	GetHandleVerifier [0x011A6765+3780581]
	GetHandleVerifier [0x011A2F46+3766214]
	GetHandleVerifier [0x011A6721+3780513]
	GetHandleVerifier [0x011A6543+3780035]
	GetHandleVerifier [0x011A6337+3779511]
	GetHandleVerifier [0x011B4540+3837376]
	GetHandleVerifier [0x011EF4BC+4078908]
	GetHandleVerifier [0x011EE56C+4074988]
	GetHandleVerifier [0x011EB2EB+4062059]
	GetHandleVerifier [0x011CED14+3945876]
	GetHandleVerifier [0x011CFBCE+3949646]
	GetHandleVerifier [0x011CFB59+3949529]
	Ordinal0 [0x00DCB5CC+46540]
	Ordinal0 [0x00DC9F53+40787]
	Ordinal0 [0x00DC9B12+39698]
	GetHandleVerifier [0x010D1468+2907368]
	GetHandleVerifier [0x00F171EE+1096302]
	GetHandleVerifier [0x00ED3E8D+821005]
	GetHandleVerifier [0x00ED396B+819691]
	GetHandleVerifier [0x00ED3881+819457]
	GetHandleVerifier [0x00EFF463+998627]
	BaseThreadInitThunk [0x763F6359+25]
	RtlGetAppContainerNamedObjectPath [0x777A8944+228]
	RtlGetAppContainerNamedObjectPath [0x777A8914+180]

	at sun.reflect.NativeConstructorAccessorImpl.newInstance0(Native Method)
	at sun.reflect.NativeConstructorAccessorImpl.newInstance(NativeConstructorAccessorImpl.java:62)
	at sun.reflect.DelegatingConstructorAccessorImpl.newInstance(DelegatingConstructorAccessorImpl.java:45)
	at java.lang.reflect.Constructor.newInstance(Constructor.java:423)
	at org.openqa.selenium.remote.W3CHandshakeResponse.lambda$errorHandler$0(W3CHandshakeResponse.java:62)
	at org.openqa.selenium.remote.HandshakeResponse.lambda$getResponseFunction$0(HandshakeResponse.java:30)
	at org.openqa.selenium.remote.ProtocolHandshake.lambda$createSession$0(ProtocolHandshake.java:126)
	at java.util.stream.ReferencePipeline$3$1.accept(ReferencePipeline.java:193)
	at java.util.Spliterators$ArraySpliterator.tryAdvance(Spliterators.java:958)
	at java.util.stream.ReferencePipeline.forEachWithCancel(ReferencePipeline.java:126)
	at java.util.stream.AbstractPipeline.copyIntoWithCancel(AbstractPipeline.java:498)
	at java.util.stream.AbstractPipeline.copyInto(AbstractPipeline.java:485)
	at java.util.stream.AbstractPipeline.wrapAndCopyInto(AbstractPipeline.java:471)
	at java.util.stream.FindOps$FindOp.evaluateSequential(FindOps.java:152)
	at java.util.stream.AbstractPipeline.evaluate(AbstractPipeline.java:234)
	at java.util.stream.ReferencePipeline.findFirst(ReferencePipeline.java:464)
	at org.openqa.selenium.remote.ProtocolHandshake.createSession(ProtocolHandshake.java:128)
	at org.openqa.selenium.remote.ProtocolHandshake.createSession(ProtocolHandshake.java:74)
	at org.openqa.selenium.remote.HttpCommandExecutor.execute(HttpCommandExecutor.java:136)
	at org.openqa.selenium.remote.service.DriverCommandExecutor.execute(DriverCommandExecutor.java:83)
	at org.openqa.selenium.remote.RemoteWebDriver.execute(RemoteWebDriver.java:552)
	at org.openqa.selenium.remote.RemoteWebDriver.startSession(RemoteWebDriver.java:213)
	at org.openqa.selenium.remote.RemoteWebDriver.&lt;init&gt;(RemoteWebDriver.java:131)
	at org.openqa.selenium.chrome.ChromeDriver.&lt;init&gt;(ChromeDriver.java:181)
	at org.openqa.selenium.chrome.ChromeDriver.&lt;init&gt;(ChromeDriver.java:168)
	at org.openqa.selenium.chrome.ChromeDriver.&lt;init&gt;(ChromeDriver.java:123)
	at com.OHRM.qa.Base.TestBase.initialization(TestBase.java:43)
	at com.OHRM.qa.TestCases.AddEmp_Test.setup(AddEmp_Test.java:30)
</failure>
    <system-err>Starting ChromeDriver 88.0.4324.96 (68dba2d8a0b149a1d3afac56fa74648032bcf46b-refs/branch-heads/4324@{#1784}) on port 13655
Only local connections are allowed.
Please see https://chromedriver.chromium.org/security-considerations for suggestions on keeping ChromeDriver safe.
ChromeDriver was started successfully.
[1614668723.666][SEVERE]: Timed out receiving message from renderer: 600.000
</system-err>
  </testcase>
  <testcase classname="com.OHRM.qa.TestCases.AddEmp_Test" name="verifyAddEmp" time="0">
    <skipped/>
  </testcase>
  <testcase classname="com.OHRM.qa.TestCases.AddEmp_Test" name="tearDown" time="0">
    <skipped/>
  </testcase>
  <testcase classname="com.OHRM.qa.TestCases.AddEmp_Test" name="setup" time="0">
    <skipped/>
  </testcase>
  <testcase classname="com.OHRM.qa.TestCases.AddEmp_Test" name="verifyAddEmp" time="0">
    <skipped/>
  </testcase>
  <testcase classname="com.OHRM.qa.TestCases.AddEmp_Test" name="tearDown" time="0">
    <skipped/>
  </testcase>
  <testcase classname="com.OHRM.qa.TestCases.AddEmp_Test" name="setup" time="0">
    <skipped/>
  </testcase>
  <testcase classname="com.OHRM.qa.TestCases.AddEmp_Test" name="verifyAddEmp" time="0">
    <skipped/>
  </testcase>
  <testcase classname="com.OHRM.qa.TestCases.AddEmp_Test" name="tearDown" time="0">
    <skipped/>
  </testcase>
  <testcase classname="com.OHRM.qa.TestCases.AddEmp_Test" name="setup" time="0">
    <skipped/>
  </testcase>
  <testcase classname="com.OHRM.qa.TestCases.AddEmp_Test" name="verifyAddEmp" time="0.001">
    <skipped/>
  </testcase>
  <testcase classname="com.OHRM.qa.TestCases.AddEmp_Test" name="tearDown" time="0.001">
    <skipped/>
  </testcase>
  <testcase classname="com.OHRM.qa.TestCases.AddEmp_Test" name="setup" time="0.001">
    <skipped/>
  </testcase>
  <testcase classname="com.OHRM.qa.TestCases.AddEmp_Test" name="verifyAddEmp" time="0">
    <skipped/>
  </testcase>
  <testcase classname="com.OHRM.qa.TestCases.AddEmp_Test" name="tearDown" time="0">
    <skipped/>
  </testcase>
  <testcase classname="com.OHRM.qa.TestCases.Home_Page_Test" name="verifyPIMpage" time="2.736"/>
  <testcase classname="com.OHRM.qa.TestCases.Login_Page_Test" name="setUp" time="3.927">
    <skipped/>
  </testcase>
  <testcase classname="com.OHRM.qa.TestCases.Login_Page_Test" name="login_Test" time="0">
    <skipped/>
  </testcase>
  <testcase classname="com.OHRM.qa.TestCases.Login_Page_Test" name="tearDown" time="0">
    <skipped/>
  </testcase>
  <testcase classname="com.OHRM.qa.TestCases.Home_Page_Test" name="setUp" time="602.311">
    <failure message="session not created
from timeout: Timed out receiving message from renderer: 600.000
  (Session info: chrome=88.0.4324.190)
Build info: version: &apos;3.141.59&apos;, revision: &apos;e82be7d358&apos;, time: &apos;2018-11-14T08:17:03&apos;
System info: host: &apos;LAPTOP-ST9EO4K2&apos;, ip: &apos;192.168.1.5&apos;, os.name: &apos;Windows 10&apos;, os.arch: &apos;amd64&apos;, os.version: &apos;10.0&apos;, java.version: &apos;1.8.0_121&apos;
Driver info: driver.version: ChromeDriver
remote stacktrace: Backtrace:
	GetHandleVerifier [0x00E0B963+483]
	GetHandleVerifier [0x00E0B941+449]
	GetHandleVerifier [0x011B3308+3832712]
	GetHandleVerifier [0x011A778C+3784716]
	GetHandleVerifier [0x011A6A47+3781319]
	GetHandleVerifier [0x011A6E36+3782326]
	GetHandleVerifier [0x011A6765+3780581]
	GetHandleVerifier [0x011AC420+3804320]
	GetHandleVerifier [0x011A6721+3780513]
	GetHandleVerifier [0x011A74B2+3783986]
	GetHandleVerifier [0x011A6A47+3781319]
	GetHandleVerifier [0x011A6E36+3782326]
	GetHandleVerifier [0x011A6765+3780581]
	GetHandleVerifier [0x011AB655+3800789]
	GetHandleVerifier [0x011A6721+3780513]
	GetHandleVerifier [0x011A74B2+3783986]
	GetHandleVerifier [0x011A6A47+3781319]
	GetHandleVerifier [0x011A6E36+3782326]
	GetHandleVerifier [0x011A6765+3780581]
	GetHandleVerifier [0x011A2F46+3766214]
	GetHandleVerifier [0x011A6721+3780513]
	GetHandleVerifier [0x011A6543+3780035]
	GetHandleVerifier [0x011A6337+3779511]
	GetHandleVerifier [0x011B4540+3837376]
	GetHandleVerifier [0x011EF4BC+4078908]
	GetHandleVerifier [0x011EE56C+4074988]
	GetHandleVerifier [0x011EB2EB+4062059]
	GetHandleVerifier [0x011CED14+3945876]
	GetHandleVerifier [0x011CFBCE+3949646]
	GetHandleVerifier [0x011CFB59+3949529]
	Ordinal0 [0x00DCB5CC+46540]
	Ordinal0 [0x00DC9F53+40787]
	Ordinal0 [0x00DC9B12+39698]
	GetHandleVerifier [0x010D1468+2907368]
	GetHandleVerifier [0x00F171EE+1096302]
	GetHandleVerifier [0x00ED3E8D+821005]
	GetHandleVerifier [0x00ED396B+819691]
	GetHandleVerifier [0x00ED3881+819457]
	GetHandleVerifier [0x00EFF463+998627]
	BaseThreadInitThunk [0x763F6359+25]
	RtlGetAppContainerNamedObjectPath [0x777A8944+228]
	RtlGetAppContainerNamedObjectPath [0x777A8914+180]
" type="org.openqa.selenium.SessionNotCreatedException">org.openqa.selenium.SessionNotCreatedException: session not created
from timeout: Timed out receiving message from renderer: 600.000
  (Session info: chrome=88.0.4324.190)
Build info: version: &apos;3.141.59&apos;, revision: &apos;e82be7d358&apos;, time: &apos;2018-11-14T08:17:03&apos;
System info: host: &apos;LAPTOP-ST9EO4K2&apos;, ip: &apos;192.168.1.5&apos;, os.name: &apos;Windows 10&apos;, os.arch: &apos;amd64&apos;, os.version: &apos;10.0&apos;, java.version: &apos;1.8.0_121&apos;
Driver info: driver.version: ChromeDriver
remote stacktrace: Backtrace:
	GetHandleVerifier [0x00E0B963+483]
	GetHandleVerifier [0x00E0B941+449]
	GetHandleVerifier [0x011B3308+3832712]
	GetHandleVerifier [0x011A778C+3784716]
	GetHandleVerifier [0x011A6A47+3781319]
	GetHandleVerifier [0x011A6E36+3782326]
	GetHandleVerifier [0x011A6765+3780581]
	GetHandleVerifier [0x011AC420+3804320]
	GetHandleVerifier [0x011A6721+3780513]
	GetHandleVerifier [0x011A74B2+3783986]
	GetHandleVerifier [0x011A6A47+3781319]
	GetHandleVerifier [0x011A6E36+3782326]
	GetHandleVerifier [0x011A6765+3780581]
	GetHandleVerifier [0x011AB655+3800789]
	GetHandleVerifier [0x011A6721+3780513]
	GetHandleVerifier [0x011A74B2+3783986]
	GetHandleVerifier [0x011A6A47+3781319]
	GetHandleVerifier [0x011A6E36+3782326]
	GetHandleVerifier [0x011A6765+3780581]
	GetHandleVerifier [0x011A2F46+3766214]
	GetHandleVerifier [0x011A6721+3780513]
	GetHandleVerifier [0x011A6543+3780035]
	GetHandleVerifier [0x011A6337+3779511]
	GetHandleVerifier [0x011B4540+3837376]
	GetHandleVerifier [0x011EF4BC+4078908]
	GetHandleVerifier [0x011EE56C+4074988]
	GetHandleVerifier [0x011EB2EB+4062059]
	GetHandleVerifier [0x011CED14+3945876]
	GetHandleVerifier [0x011CFBCE+3949646]
	GetHandleVerifier [0x011CFB59+3949529]
	Ordinal0 [0x00DCB5CC+46540]
	Ordinal0 [0x00DC9F53+40787]
	Ordinal0 [0x00DC9B12+39698]
	GetHandleVerifier [0x010D1468+2907368]
	GetHandleVerifier [0x00F171EE+1096302]
	GetHandleVerifier [0x00ED3E8D+821005]
	GetHandleVerifier [0x00ED396B+819691]
	GetHandleVerifier [0x00ED3881+819457]
	GetHandleVerifier [0x00EFF463+998627]
	BaseThreadInitThunk [0x763F6359+25]
	RtlGetAppContainerNamedObjectPath [0x777A8944+228]
	RtlGetAppContainerNamedObjectPath [0x777A8914+180]

	at sun.reflect.NativeConstructorAccessorImpl.newInstance0(Native Method)
	at sun.reflect.NativeConstructorAccessorImpl.newInstance(NativeConstructorAccessorImpl.java:62)
	at sun.reflect.DelegatingConstructorAccessorImpl.newInstance(DelegatingConstructorAccessorImpl.java:45)
	at java.lang.reflect.Constructor.newInstance(Constructor.java:423)
	at org.openqa.selenium.remote.W3CHandshakeResponse.lambda$errorHandler$0(W3CHandshakeResponse.java:62)
	at org.openqa.selenium.remote.HandshakeResponse.lambda$getResponseFunction$0(HandshakeResponse.java:30)
	at org.openqa.selenium.remote.ProtocolHandshake.lambda$createSession$0(ProtocolHandshake.java:126)
	at java.util.stream.ReferencePipeline$3$1.accept(ReferencePipeline.java:193)
	at java.util.Spliterators$ArraySpliterator.tryAdvance(Spliterators.java:958)
	at java.util.stream.ReferencePipeline.forEachWithCancel(ReferencePipeline.java:126)
	at java.util.stream.AbstractPipeline.copyIntoWithCancel(AbstractPipeline.java:498)
	at java.util.stream.AbstractPipeline.copyInto(AbstractPipeline.java:485)
	at java.util.stream.AbstractPipeline.wrapAndCopyInto(AbstractPipeline.java:471)
	at java.util.stream.FindOps$FindOp.evaluateSequential(FindOps.java:152)
	at java.util.stream.AbstractPipeline.evaluate(AbstractPipeline.java:234)
	at java.util.stream.ReferencePipeline.findFirst(ReferencePipeline.java:464)
	at org.openqa.selenium.remote.ProtocolHandshake.createSession(ProtocolHandshake.java:128)
	at org.openqa.selenium.remote.ProtocolHandshake.createSession(ProtocolHandshake.java:74)
	at org.openqa.selenium.remote.HttpCommandExecutor.execute(HttpCommandExecutor.java:136)
	at org.openqa.selenium.remote.service.DriverCommandExecutor.execute(DriverCommandExecutor.java:83)
	at org.openqa.selenium.remote.RemoteWebDriver.execute(RemoteWebDriver.java:552)
	at org.openqa.selenium.remote.RemoteWebDriver.startSession(RemoteWebDriver.java:213)
	at org.openqa.selenium.remote.RemoteWebDriver.&lt;init&gt;(RemoteWebDriver.java:131)
	at org.openqa.selenium.chrome.ChromeDriver.&lt;init&gt;(ChromeDriver.java:181)
	at org.openqa.selenium.chrome.ChromeDriver.&lt;init&gt;(ChromeDriver.java:168)
	at org.openqa.selenium.chrome.ChromeDriver.&lt;init&gt;(ChromeDriver.java:123)
	at com.OHRM.qa.Base.TestBase.initialization(TestBase.java:43)
	at com.OHRM.qa.TestCases.Home_Page_Test.setUp(Home_Page_Test.java:25)
</failure>
    <system-err>Starting ChromeDriver 88.0.4324.96 (68dba2d8a0b149a1d3afac56fa74648032bcf46b-refs/branch-heads/4324@{#1784}) on port 31128
Only local connections are allowed.
Please see https://chromedriver.chromium.org/security-considerations for suggestions on keeping ChromeDriver safe.
ChromeDriver was started successfully.
[1614669339.731][SEVERE]: Timed out receiving message from renderer: 600.000
</system-err>
  </testcase>
  <testcase classname="com.OHRM.qa.TestCases.Home_Page_Test" name="verifyMyinfo" time="0">
    <skipped/>
  </testcase>
  <testcase classname="com.OHRM.qa.TestCases.Home_Page_Test" name="tearDown" time="0">
    <skipped/>
  </testcase>
</testsuite>