<?xml version="1.0" encoding="UTF-8"?>
<testng-results skipped="0" failed="0" total="14" passed="14">
  <reporter-output>
  </reporter-output>
  <suite name="Default suite" duration-ms="289221" started-at="2021-03-02T06:16:37Z" finished-at="2021-03-02T06:21:26Z">
    <groups>
    </groups>
    <test name="Default test" duration-ms="289221" started-at="2021-03-02T06:16:37Z" finished-at="2021-03-02T06:21:26Z">
      <class name="com.OHRM.qa.TestCases.AddEmp_Test">
        <test-method status="PASS" signature="setup()[pri:0, instance:com.OHRM.qa.TestCases.AddEmp_Test@20398b7c]" name="setup" is-config="true" duration-ms="18682" started-at="2021-03-02T11:48:47Z" finished-at="2021-03-02T11:49:06Z">
          <reporter-output>
          </reporter-output>
        </test-method> <!-- setup -->
        <test-method status="PASS" signature="verifyAddEmp(java.lang.String, java.lang.String, java.lang.String)[pri:3, instance:com.OHRM.qa.TestCases.AddEmp_Test@20398b7c]" name="verifyAddEmp" duration-ms="3813" started-at="2021-03-02T11:49:06Z" data-provider="getEmpData" finished-at="2021-03-02T11:49:09Z">
          <params>
            <param index="0">
              <value>
                <![CDATA[Y S ]]>
              </value>
            </param>
            <param index="1">
              <value>
                <![CDATA[Jagan Mohan]]>
              </value>
            </param>
            <param index="2">
              <value>
                <![CDATA[Reddy]]>
              </value>
            </param>
          </params>
          <reporter-output>
          </reporter-output>
        </test-method> <!-- verifyAddEmp -->
        <test-method status="PASS" signature="tearDown()[pri:0, instance:com.OHRM.qa.TestCases.AddEmp_Test@20398b7c]" name="tearDown" is-config="true" duration-ms="894" started-at="2021-03-02T11:49:09Z" finished-at="2021-03-02T11:49:10Z">
          <reporter-output>
          </reporter-output>
        </test-method> <!-- tearDown -->
        <test-method status="PASS" signature="setup()[pri:0, instance:com.OHRM.qa.TestCases.AddEmp_Test@20398b7c]" name="setup" is-config="true" duration-ms="18380" started-at="2021-03-02T11:49:10Z" finished-at="2021-03-02T11:49:29Z">
          <reporter-output>
          </reporter-output>
        </test-method> <!-- setup -->
        <test-method status="PASS" signature="verifyAddEmp(java.lang.String, java.lang.String, java.lang.String)[pri:3, instance:com.OHRM.qa.TestCases.AddEmp_Test@20398b7c]" name="verifyAddEmp" duration-ms="3910" started-at="2021-03-02T11:49:29Z" data-provider="getEmpData" finished-at="2021-03-02T11:49:33Z">
          <params>
            <param index="0">
              <value>
                <![CDATA[Nara ]]>
              </value>
            </param>
            <param index="1">
              <value>
                <![CDATA[Chandra Babu]]>
              </value>
            </param>
            <param index="2">
              <value>
                <![CDATA[Naiudu]]>
              </value>
            </param>
          </params>
          <reporter-output>
          </reporter-output>
        </test-method> <!-- verifyAddEmp -->
        <test-method status="PASS" signature="tearDown()[pri:0, instance:com.OHRM.qa.TestCases.AddEmp_Test@20398b7c]" name="tearDown" is-config="true" duration-ms="851" started-at="2021-03-02T11:49:33Z" finished-at="2021-03-02T11:49:33Z">
          <reporter-output>
          </reporter-output>
        </test-method> <!-- tearDown -->
        <test-method status="PASS" signature="setup()[pri:0, instance:com.OHRM.qa.TestCases.AddEmp_Test@20398b7c]" name="setup" is-config="true" duration-ms="16367" started-at="2021-03-02T11:49:33Z" finished-at="2021-03-02T11:49:50Z">
          <reporter-output>
          </reporter-output>
        </test-method> <!-- setup -->
        <test-method status="PASS" signature="verifyAddEmp(java.lang.String, java.lang.String, java.lang.String)[pri:3, instance:com.OHRM.qa.TestCases.AddEmp_Test@20398b7c]" name="verifyAddEmp" duration-ms="3213" started-at="2021-03-02T11:49:50Z" data-provider="getEmpData" finished-at="2021-03-02T11:49:53Z">
          <params>
            <param index="0">
              <value>
                <![CDATA[Y S ]]>
              </value>
            </param>
            <param index="1">
              <value>
                <![CDATA[Rajashekar]]>
              </value>
            </param>
            <param index="2">
              <value>
                <![CDATA[Reddy]]>
              </value>
            </param>
          </params>
          <reporter-output>
          </reporter-output>
        </test-method> <!-- verifyAddEmp -->
        <test-method status="PASS" signature="tearDown()[pri:0, instance:com.OHRM.qa.TestCases.AddEmp_Test@20398b7c]" name="tearDown" is-config="true" duration-ms="869" started-at="2021-03-02T11:49:53Z" finished-at="2021-03-02T11:49:54Z">
          <reporter-output>
          </reporter-output>
        </test-method> <!-- tearDown -->
        <test-method status="PASS" signature="setup()[pri:0, instance:com.OHRM.qa.TestCases.AddEmp_Test@20398b7c]" name="setup" is-config="true" duration-ms="23445" started-at="2021-03-02T11:49:54Z" finished-at="2021-03-02T11:50:17Z">
          <reporter-output>
          </reporter-output>
        </test-method> <!-- setup -->
        <test-method status="PASS" signature="verifyAddEmp(java.lang.String, java.lang.String, java.lang.String)[pri:3, instance:com.OHRM.qa.TestCases.AddEmp_Test@20398b7c]" name="verifyAddEmp" duration-ms="2967" started-at="2021-03-02T11:50:17Z" data-provider="getEmpData" finished-at="2021-03-02T11:50:20Z">
          <params>
            <param index="0">
              <value>
                <![CDATA[Nara ]]>
              </value>
            </param>
            <param index="1">
              <value>
                <![CDATA[Chandra Babu]]>
              </value>
            </param>
            <param index="2">
              <value>
                <![CDATA[Naiudu]]>
              </value>
            </param>
          </params>
          <reporter-output>
          </reporter-output>
        </test-method> <!-- verifyAddEmp -->
        <test-method status="PASS" signature="tearDown()[pri:0, instance:com.OHRM.qa.TestCases.AddEmp_Test@20398b7c]" name="tearDown" is-config="true" duration-ms="859" started-at="2021-03-02T11:50:20Z" finished-at="2021-03-02T11:50:21Z">
          <reporter-output>
          </reporter-output>
        </test-method> <!-- tearDown -->
        <test-method status="PASS" signature="setup()[pri:0, instance:com.OHRM.qa.TestCases.AddEmp_Test@20398b7c]" name="setup" is-config="true" duration-ms="16538" started-at="2021-03-02T11:50:21Z" finished-at="2021-03-02T11:50:38Z">
          <reporter-output>
          </reporter-output>
        </test-method> <!-- setup -->
        <test-method status="PASS" signature="verifyAddEmp(java.lang.String, java.lang.String, java.lang.String)[pri:3, instance:com.OHRM.qa.TestCases.AddEmp_Test@20398b7c]" name="verifyAddEmp" duration-ms="3004" started-at="2021-03-02T11:50:38Z" data-provider="getEmpData" finished-at="2021-03-02T11:50:41Z">
          <params>
            <param index="0">
              <value>
                <![CDATA[Nadamuri ]]>
              </value>
            </param>
            <param index="1">
              <value>
                <![CDATA[Taraka Rama]]>
              </value>
            </param>
            <param index="2">
              <value>
                <![CDATA[Rao]]>
              </value>
            </param>
          </params>
          <reporter-output>
          </reporter-output>
        </test-method> <!-- verifyAddEmp -->
        <test-method status="PASS" signature="tearDown()[pri:0, instance:com.OHRM.qa.TestCases.AddEmp_Test@20398b7c]" name="tearDown" is-config="true" duration-ms="836" started-at="2021-03-02T11:50:41Z" finished-at="2021-03-02T11:50:42Z">
          <reporter-output>
          </reporter-output>
        </test-method> <!-- tearDown -->
        <test-method status="PASS" signature="setup()[pri:0, instance:com.OHRM.qa.TestCases.AddEmp_Test@20398b7c]" name="setup" is-config="true" duration-ms="16792" started-at="2021-03-02T11:50:42Z" finished-at="2021-03-02T11:50:58Z">
          <reporter-output>
          </reporter-output>
        </test-method> <!-- setup -->
        <test-method status="PASS" signature="verifyAddEmp(java.lang.String, java.lang.String, java.lang.String)[pri:3, instance:com.OHRM.qa.TestCases.AddEmp_Test@20398b7c]" name="verifyAddEmp" duration-ms="3696" started-at="2021-03-02T11:50:58Z" data-provider="getEmpData" finished-at="2021-03-02T11:51:02Z">
          <params>
            <param index="0">
              <value>
                <![CDATA[Tanguturi ]]>
              </value>
            </param>
            <param index="1">
              <value>
                <![CDATA[Prakasham ]]>
              </value>
            </param>
            <param index="2">
              <value>
                <![CDATA[Panthulu]]>
              </value>
            </param>
          </params>
          <reporter-output>
          </reporter-output>
        </test-method> <!-- verifyAddEmp -->
        <test-method status="PASS" signature="tearDown()[pri:0, instance:com.OHRM.qa.TestCases.AddEmp_Test@20398b7c]" name="tearDown" is-config="true" duration-ms="881" started-at="2021-03-02T11:51:02Z" finished-at="2021-03-02T11:51:03Z">
          <reporter-output>
          </reporter-output>
        </test-method> <!-- tearDown -->
      </class> <!-- com.OHRM.qa.TestCases.AddEmp_Test -->
      <class name="com.OHRM.qa.TestCases.Home_Page_Test">
        <test-method status="PASS" signature="setUp()[pri:0, instance:com.OHRM.qa.TestCases.Home_Page_Test@71423665]" name="setUp" is-config="true" duration-ms="30381" started-at="2021-03-02T11:46:37Z" finished-at="2021-03-02T11:47:07Z">
          <reporter-output>
          </reporter-output>
        </test-method> <!-- setUp -->
        <test-method status="PASS" signature="verifyLogout()[pri:0, instance:com.OHRM.qa.TestCases.Home_Page_Test@71423665]" name="verifyLogout" duration-ms="1843" started-at="2021-03-02T11:47:07Z" finished-at="2021-03-02T11:47:09Z">
          <reporter-output>
          </reporter-output>
        </test-method> <!-- verifyLogout -->
        <test-method status="PASS" signature="tearDown()[pri:0, instance:com.OHRM.qa.TestCases.Home_Page_Test@71423665]" name="tearDown" is-config="true" duration-ms="889" started-at="2021-03-02T11:47:09Z" finished-at="2021-03-02T11:47:10Z">
          <reporter-output>
          </reporter-output>
        </test-method> <!-- tearDown -->
        <test-method status="PASS" signature="setUp()[pri:0, instance:com.OHRM.qa.TestCases.Home_Page_Test@71423665]" name="setUp" is-config="true" duration-ms="13845" started-at="2021-03-02T11:47:21Z" finished-at="2021-03-02T11:47:35Z">
          <reporter-output>
          </reporter-output>
        </test-method> <!-- setUp -->
        <test-method status="PASS" signature="homePageTittle()[pri:1, instance:com.OHRM.qa.TestCases.Home_Page_Test@71423665]" name="homePageTittle" duration-ms="21" started-at="2021-03-02T11:47:35Z" finished-at="2021-03-02T11:47:35Z">
          <reporter-output>
          </reporter-output>
        </test-method> <!-- homePageTittle -->
        <test-method status="PASS" signature="tearDown()[pri:0, instance:com.OHRM.qa.TestCases.Home_Page_Test@71423665]" name="tearDown" is-config="true" duration-ms="1227" started-at="2021-03-02T11:47:35Z" finished-at="2021-03-02T11:47:36Z">
          <reporter-output>
          </reporter-output>
        </test-method> <!-- tearDown -->
        <test-method status="PASS" signature="setUp()[pri:0, instance:com.OHRM.qa.TestCases.Home_Page_Test@71423665]" name="setUp" is-config="true" duration-ms="17743" started-at="2021-03-02T11:47:46Z" finished-at="2021-03-02T11:48:04Z">
          <reporter-output>
          </reporter-output>
        </test-method> <!-- setUp -->
        <test-method status="PASS" signature="veryfiyAdminPage()[pri:2, instance:com.OHRM.qa.TestCases.Home_Page_Test@71423665]" name="veryfiyAdminPage" duration-ms="2890" started-at="2021-03-02T11:48:04Z" finished-at="2021-03-02T11:48:07Z">
          <reporter-output>
          </reporter-output>
        </test-method> <!-- veryfiyAdminPage -->
        <test-method status="PASS" signature="tearDown()[pri:0, instance:com.OHRM.qa.TestCases.Home_Page_Test@71423665]" name="tearDown" is-config="true" duration-ms="857" started-at="2021-03-02T11:48:07Z" finished-at="2021-03-02T11:48:08Z">
          <reporter-output>
          </reporter-output>
        </test-method> <!-- tearDown -->
        <test-method status="PASS" signature="setUp()[pri:0, instance:com.OHRM.qa.TestCases.Home_Page_Test@71423665]" name="setUp" is-config="true" duration-ms="14303" started-at="2021-03-02T11:48:25Z" finished-at="2021-03-02T11:48:40Z">
          <reporter-output>
          </reporter-output>
        </test-method> <!-- setUp -->
        <test-method status="PASS" signature="verifyPIMpage()[pri:3, instance:com.OHRM.qa.TestCases.Home_Page_Test@71423665]" name="verifyPIMpage" duration-ms="3021" started-at="2021-03-02T11:48:40Z" finished-at="2021-03-02T11:48:43Z">
          <reporter-output>
          </reporter-output>
        </test-method> <!-- verifyPIMpage -->
        <test-method status="PASS" signature="tearDown()[pri:0, instance:com.OHRM.qa.TestCases.Home_Page_Test@71423665]" name="tearDown" is-config="true" duration-ms="1081" started-at="2021-03-02T11:48:43Z" finished-at="2021-03-02T11:48:44Z">
          <reporter-output>
          </reporter-output>
        </test-method> <!-- tearDown -->
        <test-method status="PASS" signature="setUp()[pri:0, instance:com.OHRM.qa.TestCases.Home_Page_Test@71423665]" name="setUp" is-config="true" duration-ms="18584" started-at="2021-03-02T11:51:03Z" finished-at="2021-03-02T11:51:22Z">
          <reporter-output>
          </reporter-output>
        </test-method> <!-- setUp -->
        <test-method status="PASS" signature="verifyMyinfo()[pri:4, instance:com.OHRM.qa.TestCases.Home_Page_Test@71423665]" name="verifyMyinfo" duration-ms="3323" started-at="2021-03-02T11:51:22Z" finished-at="2021-03-02T11:51:25Z">
          <reporter-output>
          </reporter-output>
        </test-method> <!-- verifyMyinfo -->
        <test-method status="PASS" signature="tearDown()[pri:0, instance:com.OHRM.qa.TestCases.Home_Page_Test@71423665]" name="tearDown" is-config="true" duration-ms="894" started-at="2021-03-02T11:51:25Z" finished-at="2021-03-02T11:51:26Z">
          <reporter-output>
          </reporter-output>
        </test-method> <!-- tearDown -->
      </class> <!-- com.OHRM.qa.TestCases.Home_Page_Test -->
      <class name="com.OHRM.qa.TestCases.Login_Page_Test">
        <test-method status="PASS" signature="setUp()[pri:0, instance:com.OHRM.qa.TestCases.Login_Page_Test@2ac273d3]" name="setUp" is-config="true" duration-ms="10442" started-at="2021-03-02T11:47:10Z" finished-at="2021-03-02T11:47:20Z">
          <reporter-output>
          </reporter-output>
        </test-method> <!-- setUp -->
        <test-method status="PASS" signature="loginPage_Tittle_Test()[pri:1, instance:com.OHRM.qa.TestCases.Login_Page_Test@2ac273d3]" name="loginPage_Tittle_Test" duration-ms="237" started-at="2021-03-02T11:47:20Z" finished-at="2021-03-02T11:47:20Z">
          <reporter-output>
          </reporter-output>
        </test-method> <!-- loginPage_Tittle_Test -->
        <test-method status="PASS" signature="tearDown()[pri:0, instance:com.OHRM.qa.TestCases.Login_Page_Test@2ac273d3]" name="tearDown" is-config="true" duration-ms="744" started-at="2021-03-02T11:47:20Z" finished-at="2021-03-02T11:47:21Z">
          <reporter-output>
          </reporter-output>
        </test-method> <!-- tearDown -->
        <test-method status="PASS" signature="setUp()[pri:0, instance:com.OHRM.qa.TestCases.Login_Page_Test@2ac273d3]" name="setUp" is-config="true" duration-ms="8978" started-at="2021-03-02T11:47:36Z" finished-at="2021-03-02T11:47:45Z">
          <reporter-output>
          </reporter-output>
        </test-method> <!-- setUp -->
        <test-method status="PASS" signature="loginpage_Logo_Test()[pri:2, instance:com.OHRM.qa.TestCases.Login_Page_Test@2ac273d3]" name="loginpage_Logo_Test" duration-ms="194" started-at="2021-03-02T11:47:45Z" finished-at="2021-03-02T11:47:45Z">
          <reporter-output>
          </reporter-output>
        </test-method> <!-- loginpage_Logo_Test -->
        <test-method status="PASS" signature="tearDown()[pri:0, instance:com.OHRM.qa.TestCases.Login_Page_Test@2ac273d3]" name="tearDown" is-config="true" duration-ms="841" started-at="2021-03-02T11:47:45Z" finished-at="2021-03-02T11:47:46Z">
          <reporter-output>
          </reporter-output>
        </test-method> <!-- tearDown -->
        <test-method status="PASS" signature="setUp()[pri:0, instance:com.OHRM.qa.TestCases.Login_Page_Test@2ac273d3]" name="setUp" is-config="true" duration-ms="10180" started-at="2021-03-02T11:48:08Z" finished-at="2021-03-02T11:48:18Z">
          <reporter-output>
          </reporter-output>
        </test-method> <!-- setUp -->
        <test-method status="PASS" signature="login_Test()[pri:3, instance:com.OHRM.qa.TestCases.Login_Page_Test@2ac273d3]" name="login_Test" duration-ms="6138" started-at="2021-03-02T11:48:18Z" finished-at="2021-03-02T11:48:24Z">
          <reporter-output>
          </reporter-output>
        </test-method> <!-- login_Test -->
        <test-method status="PASS" signature="tearDown()[pri:0, instance:com.OHRM.qa.TestCases.Login_Page_Test@2ac273d3]" name="tearDown" is-config="true" duration-ms="1253" started-at="2021-03-02T11:48:24Z" finished-at="2021-03-02T11:48:25Z">
          <reporter-output>
          </reporter-output>
        </test-method> <!-- tearDown -->
      </class> <!-- com.OHRM.qa.TestCases.Login_Page_Test -->
    </test> <!-- Default test -->
  </suite> <!-- Default suite -->
</testng-results>
